<?xml version="1.0" encoding="UTF-8"?>
<testsuite xmlns:xsi="http://www.w3.org/2001/XMLSchema-instance" xsi:noNamespaceSchemaLocation="https://maven.apache.org/surefire/maven-surefire-plugin/xsd/surefire-test-report-3.0.xsd" version="3.0" name="com.yucl.AppTest" time="0.032" tests="1" errors="0" skipped="0" failures="0">
  <properties>
    <property name="java.specification.version" value="17"/>
    <property name="sun.cpu.isalist" value="amd64"/>
    <property name="sun.jnu.encoding" value="GBK"/>
    <property name="java.class.path" value="D:\workspaces\learn-demo\learn-archguard\target\test-classes;D:\workspaces\learn-demo\learn-archguard\target\classes;D:\java\repository\org\archguard\scanner\analyser_diff_changes\2.0.0-alpha.18\analyser_diff_changes-2.0.0-alpha.18.jar;D:\java\repository\org\archguard\scanner\scanner_core\2.0.0-alpha.18\scanner_core-2.0.0-alpha.18.jar;D:\java\repository\org\archguard\scanner\rule-core\2.0.0-alpha.18\rule-core-2.0.0-alpha.18.jar;D:\java\repository\org\archguard\scanner\meta\2.0.0-alpha.18\meta-2.0.0-alpha.18.jar;D:\java\repository\com\phodal\chapi\chapi-domain\2.0.0-beta.4\chapi-domain-2.0.0-beta.4.jar;D:\java\repository\org\jetbrains\kotlinx\kotlinx-serialization-json-jvm\1.3.2\kotlinx-serialization-json-jvm-1.3.2.jar;D:\java\repository\org\jetbrains\kotlinx\kotlinx-serialization-core-jvm\1.3.2\kotlinx-serialization-core-jvm-1.3.2.jar;D:\java\repository\org\jetbrains\kotlinx\kotlinx-coroutines-core-jvm\1.6.1\kotlinx-coroutines-core-jvm-1.6.1.jar;D:\java\repository\org\jetbrains\kotlin\kotlin-stdlib\1.6.21\kotlin-stdlib-1.6.21.jar;D:\java\repository\org\jetbrains\kotlin\kotlin-stdlib-common\1.6.21\kotlin-stdlib-common-1.6.21.jar;D:\java\repository\org\jetbrains\annotations\13.0\annotations-13.0.jar;D:\java\repository\io\github\microutils\kotlin-logging-jvm\2.1.21\kotlin-logging-jvm-2.1.21.jar;D:\java\repository\org\jetbrains\kotlin\kotlin-stdlib-jdk8\1.6.0\kotlin-stdlib-jdk8-1.6.0.jar;D:\java\repository\org\jetbrains\kotlin\kotlin-stdlib-jdk7\1.6.0\kotlin-stdlib-jdk7-1.6.0.jar;D:\java\repository\org\jetbrains\kotlin\kotlin-test\1.6.21\kotlin-test-1.6.21.jar;D:\java\repository\org\jetbrains\kotlin\kotlin-test-junit\1.6.21\kotlin-test-junit-1.6.21.jar;D:\java\repository\com\phodal\chapi\chapi-ast-kotlin\2.0.0-beta.4\chapi-ast-kotlin-2.0.0-beta.4.jar;D:\java\repository\org\antlr\antlr4\4.9.3\antlr4-4.9.3.jar;D:\java\repository\org\antlr\antlr-runtime\3.5.2\antlr-runtime-3.5.2.jar;D:\java\repository\org\antlr\ST4\4.3.1\ST4-4.3.1.jar;D:\java\repository\org\abego\treelayout\org.abego.treelayout.core\1.0.3\org.abego.treelayout.core-1.0.3.jar;D:\java\repository\org\glassfish\javax.json\1.0.4\javax.json-1.0.4.jar;D:\java\repository\org\jetbrains\kotlin\kotlin-reflect\1.6.10\kotlin-reflect-1.6.10.jar;D:\java\repository\org\antlr\antlr4-runtime\4.9.3\antlr4-runtime-4.9.3.jar;D:\java\repository\com\phodal\chapi\chapi-ast-java\2.0.0-beta.4\chapi-ast-java-2.0.0-beta.4.jar;D:\java\repository\org\eclipse\jgit\org.eclipse.jgit\6.0.0.202111291000-r\org.eclipse.jgit-6.0.0.202111291000-r.jar;D:\java\repository\com\googlecode\javaewah\JavaEWAH\1.1.13\JavaEWAH-1.1.13.jar;D:\java\repository\org\slf4j\slf4j-api\1.7.30\slf4j-api-1.7.30.jar;D:\java\repository\org\archguard\scanner\analyser_git\2.0.0-alpha.18\analyser_git-2.0.0-alpha.18.jar;D:\java\repository\org\archguard\scanner\analyser_sca\2.0.0-alpha.18\analyser_sca-2.0.0-alpha.18.jar;D:\java\repository\com\jayway\jsonpath\json-path\2.7.0\json-path-2.7.0.jar;D:\java\repository\net\minidev\json-smart\2.4.7\json-smart-2.4.7.jar;D:\java\repository\net\minidev\accessors-smart\2.4.7\accessors-smart-2.4.7.jar;D:\java\repository\org\ow2\asm\asm\9.1\asm-9.1.jar;D:\java\repository\org\slf4j\slf4j-jdk14\1.7.25\slf4j-jdk14-1.7.25.jar;D:\java\repository\org\archguard\scanner\lang_java\2.0.0-beta.5\lang_java-2.0.0-beta.5.jar;D:\java\repository\org\archguard\scanner\feat_datamap\2.0.0-beta.5\feat_datamap-2.0.0-beta.5.jar;D:\java\repository\org\mybatis\mybatis\3.5.9\mybatis-3.5.9.jar;D:\java\repository\ognl\ognl\3.3.2\ognl-3.3.2.jar;D:\java\repository\org\javassist\javassist\3.28.0-GA\javassist-3.28.0-GA.jar;D:\java\repository\com\github\jsqlparser\jsqlparser\4.4\jsqlparser-4.4.jar;D:\java\repository\org\archguard\scanner\feat_apicalls\2.0.0-beta.5\feat_apicalls-2.0.0-beta.5.jar;D:\java\repository\junit\junit\4.11\junit-4.11.jar;D:\java\repository\org\hamcrest\hamcrest-core\1.3\hamcrest-core-1.3.jar;"/>
    <property name="java.vm.vendor" value="Oracle Corporation"/>
    <property name="sun.arch.data.model" value="64"/>
    <property name="user.variant" value=""/>
    <property name="java.vendor.url" value="https://java.oracle.com/"/>
    <property name="user.timezone" value="Asia/Singapore"/>
    <property name="os.name" value="Windows 11"/>
    <property name="java.vm.specification.version" value="17"/>
    <property name="sun.java.launcher" value="SUN_STANDARD"/>
    <property name="user.country" value="CN"/>
    <property name="sun.boot.library.path" value="D:\java\jdk-17.0.9\bin"/>
    <property name="sun.java.command" value="C:\Users\yuchu\AppData\Local\Temp\surefire14765670964060603319\surefirebooter-20240912163917697_3.jar C:\Users\yuchu\AppData\Local\Temp\surefire14765670964060603319 2024-09-12T16-39-16_400-jvmRun1 surefire-20240912163917697_1tmp surefire_0-20240912163917697_2tmp"/>
    <property name="jdk.debug" value="release"/>
    <property name="surefire.test.class.path" value="D:\workspaces\learn-demo\learn-archguard\target\test-classes;D:\workspaces\learn-demo\learn-archguard\target\classes;D:\java\repository\org\archguard\scanner\analyser_diff_changes\2.0.0-alpha.18\analyser_diff_changes-2.0.0-alpha.18.jar;D:\java\repository\org\archguard\scanner\scanner_core\2.0.0-alpha.18\scanner_core-2.0.0-alpha.18.jar;D:\java\repository\org\archguard\scanner\rule-core\2.0.0-alpha.18\rule-core-2.0.0-alpha.18.jar;D:\java\repository\org\archguard\scanner\meta\2.0.0-alpha.18\meta-2.0.0-alpha.18.jar;D:\java\repository\com\phodal\chapi\chapi-domain\2.0.0-beta.4\chapi-domain-2.0.0-beta.4.jar;D:\java\repository\org\jetbrains\kotlinx\kotlinx-serialization-json-jvm\1.3.2\kotlinx-serialization-json-jvm-1.3.2.jar;D:\java\repository\org\jetbrains\kotlinx\kotlinx-serialization-core-jvm\1.3.2\kotlinx-serialization-core-jvm-1.3.2.jar;D:\java\repository\org\jetbrains\kotlinx\kotlinx-coroutines-core-jvm\1.6.1\kotlinx-coroutines-core-jvm-1.6.1.jar;D:\java\repository\org\jetbrains\kotlin\kotlin-stdlib\1.6.21\kotlin-stdlib-1.6.21.jar;D:\java\repository\org\jetbrains\kotlin\kotlin-stdlib-common\1.6.21\kotlin-stdlib-common-1.6.21.jar;D:\java\repository\org\jetbrains\annotations\13.0\annotations-13.0.jar;D:\java\repository\io\github\microutils\kotlin-logging-jvm\2.1.21\kotlin-logging-jvm-2.1.21.jar;D:\java\repository\org\jetbrains\kotlin\kotlin-stdlib-jdk8\1.6.0\kotlin-stdlib-jdk8-1.6.0.jar;D:\java\repository\org\jetbrains\kotlin\kotlin-stdlib-jdk7\1.6.0\kotlin-stdlib-jdk7-1.6.0.jar;D:\java\repository\org\jetbrains\kotlin\kotlin-test\1.6.21\kotlin-test-1.6.21.jar;D:\java\repository\org\jetbrains\kotlin\kotlin-test-junit\1.6.21\kotlin-test-junit-1.6.21.jar;D:\java\repository\com\phodal\chapi\chapi-ast-kotlin\2.0.0-beta.4\chapi-ast-kotlin-2.0.0-beta.4.jar;D:\java\repository\org\antlr\antlr4\4.9.3\antlr4-4.9.3.jar;D:\java\repository\org\antlr\antlr-runtime\3.5.2\antlr-runtime-3.5.2.jar;D:\java\repository\org\antlr\ST4\4.3.1\ST4-4.3.1.jar;D:\java\repository\org\abego\treelayout\org.abego.treelayout.core\1.0.3\org.abego.treelayout.core-1.0.3.jar;D:\java\repository\org\glassfish\javax.json\1.0.4\javax.json-1.0.4.jar;D:\java\repository\org\jetbrains\kotlin\kotlin-reflect\1.6.10\kotlin-reflect-1.6.10.jar;D:\java\repository\org\antlr\antlr4-runtime\4.9.3\antlr4-runtime-4.9.3.jar;D:\java\repository\com\phodal\chapi\chapi-ast-java\2.0.0-beta.4\chapi-ast-java-2.0.0-beta.4.jar;D:\java\repository\org\eclipse\jgit\org.eclipse.jgit\6.0.0.202111291000-r\org.eclipse.jgit-6.0.0.202111291000-r.jar;D:\java\repository\com\googlecode\javaewah\JavaEWAH\1.1.13\JavaEWAH-1.1.13.jar;D:\java\repository\org\slf4j\slf4j-api\1.7.30\slf4j-api-1.7.30.jar;D:\java\repository\org\archguard\scanner\analyser_git\2.0.0-alpha.18\analyser_git-2.0.0-alpha.18.jar;D:\java\repository\org\archguard\scanner\analyser_sca\2.0.0-alpha.18\analyser_sca-2.0.0-alpha.18.jar;D:\java\repository\com\jayway\jsonpath\json-path\2.7.0\json-path-2.7.0.jar;D:\java\repository\net\minidev\json-smart\2.4.7\json-smart-2.4.7.jar;D:\java\repository\net\minidev\accessors-smart\2.4.7\accessors-smart-2.4.7.jar;D:\java\repository\org\ow2\asm\asm\9.1\asm-9.1.jar;D:\java\repository\org\slf4j\slf4j-jdk14\1.7.25\slf4j-jdk14-1.7.25.jar;D:\java\repository\org\archguard\scanner\lang_java\2.0.0-beta.5\lang_java-2.0.0-beta.5.jar;D:\java\repository\org\archguard\scanner\feat_datamap\2.0.0-beta.5\feat_datamap-2.0.0-beta.5.jar;D:\java\repository\org\mybatis\mybatis\3.5.9\mybatis-3.5.9.jar;D:\java\repository\ognl\ognl\3.3.2\ognl-3.3.2.jar;D:\java\repository\org\javassist\javassist\3.28.0-GA\javassist-3.28.0-GA.jar;D:\java\repository\com\github\jsqlparser\jsqlparser\4.4\jsqlparser-4.4.jar;D:\java\repository\org\archguard\scanner\feat_apicalls\2.0.0-beta.5\feat_apicalls-2.0.0-beta.5.jar;D:\java\repository\junit\junit\4.11\junit-4.11.jar;D:\java\repository\org\hamcrest\hamcrest-core\1.3\hamcrest-core-1.3.jar;"/>
    <property name="sun.cpu.endian" value="little"/>
    <property name="user.home" value="C:\Users\yuchu"/>
    <property name="user.language" value="zh"/>
    <property name="java.specification.vendor" value="Oracle Corporation"/>
    <property name="java.version.date" value="2023-10-17"/>
    <property name="java.home" value="D:\java\jdk-17.0.9"/>
    <property name="file.separator" value="\"/>
    <property name="basedir" value="D:\workspaces\learn-demo\learn-archguard"/>
    <property name="java.vm.compressedOopsMode" value="Zero based"/>
    <property name="line.separator" value="&#10;"/>
    <property name="java.vm.specification.vendor" value="Oracle Corporation"/>
    <property name="java.specification.name" value="Java Platform API Specification"/>
    <property name="surefire.real.class.path" value="C:\Users\yuchu\AppData\Local\Temp\surefire14765670964060603319\surefirebooter-20240912163917697_3.jar"/>
    <property name="user.script" value=""/>
    <property name="sun.management.compiler" value="HotSpot 64-Bit Tiered Compilers"/>
    <property name="java.runtime.version" value="17.0.9+11-LTS-201"/>
    <property name="user.name" value="yuchu"/>
    <property name="path.separator" value=";"/>
    <property name="os.version" value="10.0"/>
    <property name="java.runtime.name" value="Java(TM) SE Runtime Environment"/>
    <property name="file.encoding" value="GBK"/>
    <property name="java.vm.name" value="Java HotSpot(TM) 64-Bit Server VM"/>
    <property name="localRepository" value="D:\java\repository"/>
    <property name="java.vendor.url.bug" value="https://bugreport.java.com/bugreport/"/>
    <property name="java.io.tmpdir" value="C:\Users\yuchu\AppData\Local\Temp\"/>
    <property name="java.version" value="17.0.9"/>
    <property name="user.dir" value="D:\workspaces\learn-demo\learn-archguard"/>
    <property name="os.arch" value="amd64"/>
    <property name="java.vm.specification.name" value="Java Virtual Machine Specification"/>
    <property name="sun.os.patch.level" value=""/>
    <property name="native.encoding" value="GBK"/>
    <property name="java.library.path" value="D:\java\jdk-17.0.9\bin;C:\Windows\Sun\Java\bin;C:\Windows\system32;C:\Windows;D:\tools\miniconda3;D:\tools\miniconda3\Library\mingw-w64\bin;D:\tools\miniconda3\Library\usr\bin;D:\tools\miniconda3\Library\bin;D:\tools\miniconda3\Scripts;D:\tools\miniconda3\bin;D:\tools\miniconda3\condabin;C:\VulkanSDK\1.3.290.0\Bin;C:\Windows\system32;C:\Windows;C:\Windows\System32\Wbem;C:\Windows\System32\WindowsPowerShell\v1.0;C:\Windows\System32\OpenSSH;C:\Program Files (x86)\Windows Kits\10\Windows Performance Toolkit;C:\ProgramData\chocolatey\bin;D:\tools\miniconda3;D:\tools\miniconda3\Library\mingw-w64\bin;D:\tools\miniconda3\Library\usr\bin;D:\tools\miniconda3\Library\bin;D:\tools\miniconda3\Scripts;C:\Users\yuchu\AppData\Local\Microsoft\WindowsApps;D:\java\jdk-17.0.9\bin;C:\Users\yuchu\AppData\Local\Programs\Ollama;D:\tools\PortableGit\bin;D:\tools\PortableGit\mingw64\bin;D:\java\apache-maven-3.9.6\bin;D:\tools\VSCode\bin;C:\VulkanSDK\1.3.290.0\Bin;C:\Windows\system32;C:\Windows;C:\Windows\System32\Wbem;C:\Windows\System32\WindowsPowerShell\v1.0\;C:\Windows\System32\OpenSSH\;C:\Program Files (x86)\Windows Kits\10\Windows Performance Toolkit\;C:\ProgramData\chocolatey\bin;D:\tools\miniconda3;D:\tools\miniconda3\Library\mingw-w64\bin;D:\tools\miniconda3\Library\usr\bin;D:\tools\miniconda3\Library\bin;D:\tools\miniconda3\Scripts;C:\Users\yuchu\AppData\Local\Microsoft\WindowsApps;D:\java\jdk-17.0.9\bin;C:\Users\yuchu\AppData\Local\Programs\Ollama;D:\tools\PortableGit\bin;D:\tools\PortableGit\mingw64\bin;D:\java\apache-maven-3.9.6\bin;D:\tools\VSCode\bin;."/>
    <property name="java.vm.info" value="mixed mode, sharing"/>
    <property name="java.vendor" value="Oracle Corporation"/>
    <property name="java.vm.version" value="17.0.9+11-LTS-201"/>
    <property name="sun.io.unicode.encoding" value="UnicodeLittle"/>
    <property name="java.class.version" value="61.0"/>
  </properties>
  <testcase name="shouldAnswerWithTrue" classname="com.yucl.AppTest" time="0.0"/>
</testsuite>