<?xml version="1.0" encoding="UTF-8"?>
<testsuite xmlns:xsi="http://www.w3.org/2001/XMLSchema-instance" xsi:noNamespaceSchemaLocation="https://maven.apache.org/surefire/maven-surefire-plugin/xsd/surefire-test-report-3.0.xsd" version="3.0" name="com.yucl.AppTest" time="0.029" tests="1" errors="0" skipped="0" failures="0">
  <properties>
    <property name="java.specification.version" value="17"/>
    <property name="sun.cpu.isalist" value="amd64"/>
    <property name="sun.jnu.encoding" value="GBK"/>
    <property name="java.class.path" value="D:\workspaces\learn-demo\learn-antlr4\target\test-classes;D:\workspaces\learn-demo\learn-antlr4\target\classes;D:\java\repository\org\antlr\antlr4-runtime\4.11.1\antlr4-runtime-4.11.1.jar;D:\java\repository\org\antlr\antlr4\4.11.1\antlr4-4.11.1.jar;D:\java\repository\org\antlr\antlr-runtime\3.5.3\antlr-runtime-3.5.3.jar;D:\java\repository\org\abego\treelayout\org.abego.treelayout.core\1.0.3\org.abego.treelayout.core-1.0.3.jar;D:\java\repository\org\glassfish\javax.json\1.1.4\javax.json-1.1.4.jar;D:\java\repository\com\ibm\icu\icu4j\71.1\icu4j-71.1.jar;D:\java\repository\org\antlr\ST4\4.3.1\ST4-4.3.1.jar;D:\java\repository\junit\junit\4.11\junit-4.11.jar;D:\java\repository\org\hamcrest\hamcrest-core\1.3\hamcrest-core-1.3.jar;"/>
    <property name="java.vm.vendor" value="Oracle Corporation"/>
    <property name="sun.arch.data.model" value="64"/>
    <property name="user.variant" value=""/>
    <property name="java.vendor.url" value="https://java.oracle.com/"/>
    <property name="user.timezone" value="Asia/Singapore"/>
    <property name="os.name" value="Windows 11"/>
    <property name="java.vm.specification.version" value="17"/>
    <property name="sun.java.launcher" value="SUN_STANDARD"/>
    <property name="user.country" value="CN"/>
    <property name="sun.boot.library.path" value="D:\java\jdk-17.0.9\bin"/>
    <property name="sun.java.command" value="C:\Users\yuchu\AppData\Local\Temp\surefire3831844744674898564\surefirebooter-20240912163930063_6.jar C:\Users\yuchu\AppData\Local\Temp\surefire3831844744674898564 2024-09-12T16-39-16_400-jvmRun1 surefire-20240912163930063_4tmp surefire_1-20240912163930063_5tmp"/>
    <property name="jdk.debug" value="release"/>
    <property name="surefire.test.class.path" value="D:\workspaces\learn-demo\learn-antlr4\target\test-classes;D:\workspaces\learn-demo\learn-antlr4\target\classes;D:\java\repository\org\antlr\antlr4-runtime\4.11.1\antlr4-runtime-4.11.1.jar;D:\java\repository\org\antlr\antlr4\4.11.1\antlr4-4.11.1.jar;D:\java\repository\org\antlr\antlr-runtime\3.5.3\antlr-runtime-3.5.3.jar;D:\java\repository\org\abego\treelayout\org.abego.treelayout.core\1.0.3\org.abego.treelayout.core-1.0.3.jar;D:\java\repository\org\glassfish\javax.json\1.1.4\javax.json-1.1.4.jar;D:\java\repository\com\ibm\icu\icu4j\71.1\icu4j-71.1.jar;D:\java\repository\org\antlr\ST4\4.3.1\ST4-4.3.1.jar;D:\java\repository\junit\junit\4.11\junit-4.11.jar;D:\java\repository\org\hamcrest\hamcrest-core\1.3\hamcrest-core-1.3.jar;"/>
    <property name="sun.cpu.endian" value="little"/>
    <property name="user.home" value="C:\Users\yuchu"/>
    <property name="user.language" value="zh"/>
    <property name="java.specification.vendor" value="Oracle Corporation"/>
    <property name="java.version.date" value="2023-10-17"/>
    <property name="java.home" value="D:\java\jdk-17.0.9"/>
    <property name="file.separator" value="\"/>
    <property name="basedir" value="D:\workspaces\learn-demo\learn-antlr4"/>
    <property name="java.vm.compressedOopsMode" value="Zero based"/>
    <property name="line.separator" value="&#10;"/>
    <property name="java.vm.specification.vendor" value="Oracle Corporation"/>
    <property name="java.specification.name" value="Java Platform API Specification"/>
    <property name="surefire.real.class.path" value="C:\Users\yuchu\AppData\Local\Temp\surefire3831844744674898564\surefirebooter-20240912163930063_6.jar"/>
    <property name="user.script" value=""/>
    <property name="sun.management.compiler" value="HotSpot 64-Bit Tiered Compilers"/>
    <property name="java.runtime.version" value="17.0.9+11-LTS-201"/>
    <property name="user.name" value="yuchu"/>
    <property name="path.separator" value=";"/>
    <property name="os.version" value="10.0"/>
    <property name="java.runtime.name" value="Java(TM) SE Runtime Environment"/>
    <property name="file.encoding" value="GBK"/>
    <property name="java.vm.name" value="Java HotSpot(TM) 64-Bit Server VM"/>
    <property name="localRepository" value="D:\java\repository"/>
    <property name="java.vendor.url.bug" value="https://bugreport.java.com/bugreport/"/>
    <property name="java.io.tmpdir" value="C:\Users\yuchu\AppData\Local\Temp\"/>
    <property name="java.version" value="17.0.9"/>
    <property name="user.dir" value="D:\workspaces\learn-demo\learn-antlr4"/>
    <property name="os.arch" value="amd64"/>
    <property name="java.vm.specification.name" value="Java Virtual Machine Specification"/>
    <property name="sun.os.patch.level" value=""/>
    <property name="native.encoding" value="GBK"/>
    <property name="java.library.path" value="D:\java\jdk-17.0.9\bin;C:\Windows\Sun\Java\bin;C:\Windows\system32;C:\Windows;D:\tools\miniconda3;D:\tools\miniconda3\Library\mingw-w64\bin;D:\tools\miniconda3\Library\usr\bin;D:\tools\miniconda3\Library\bin;D:\tools\miniconda3\Scripts;D:\tools\miniconda3\bin;D:\tools\miniconda3\condabin;C:\VulkanSDK\1.3.290.0\Bin;C:\Windows\system32;C:\Windows;C:\Windows\System32\Wbem;C:\Windows\System32\WindowsPowerShell\v1.0;C:\Windows\System32\OpenSSH;C:\Program Files (x86)\Windows Kits\10\Windows Performance Toolkit;C:\ProgramData\chocolatey\bin;D:\tools\miniconda3;D:\tools\miniconda3\Library\mingw-w64\bin;D:\tools\miniconda3\Library\usr\bin;D:\tools\miniconda3\Library\bin;D:\tools\miniconda3\Scripts;C:\Users\yuchu\AppData\Local\Microsoft\WindowsApps;D:\java\jdk-17.0.9\bin;C:\Users\yuchu\AppData\Local\Programs\Ollama;D:\tools\PortableGit\bin;D:\tools\PortableGit\mingw64\bin;D:\java\apache-maven-3.9.6\bin;D:\tools\VSCode\bin;C:\VulkanSDK\1.3.290.0\Bin;C:\Windows\system32;C:\Windows;C:\Windows\System32\Wbem;C:\Windows\System32\WindowsPowerShell\v1.0\;C:\Windows\System32\OpenSSH\;C:\Program Files (x86)\Windows Kits\10\Windows Performance Toolkit\;C:\ProgramData\chocolatey\bin;D:\tools\miniconda3;D:\tools\miniconda3\Library\mingw-w64\bin;D:\tools\miniconda3\Library\usr\bin;D:\tools\miniconda3\Library\bin;D:\tools\miniconda3\Scripts;C:\Users\yuchu\AppData\Local\Microsoft\WindowsApps;D:\java\jdk-17.0.9\bin;C:\Users\yuchu\AppData\Local\Programs\Ollama;D:\tools\PortableGit\bin;D:\tools\PortableGit\mingw64\bin;D:\java\apache-maven-3.9.6\bin;D:\tools\VSCode\bin;."/>
    <property name="java.vm.info" value="mixed mode, sharing"/>
    <property name="java.vendor" value="Oracle Corporation"/>
    <property name="java.vm.version" value="17.0.9+11-LTS-201"/>
    <property name="sun.io.unicode.encoding" value="UnicodeLittle"/>
    <property name="java.class.version" value="61.0"/>
  </properties>
  <testcase name="shouldAnswerWithTrue" classname="com.yucl.AppTest" time="0.0"/>
</testsuite>